<?xml version="1.0" encoding="UTF-8"?>
<!-- Generated by org.testng.reporters.JUnitReportReporter -->
<testsuite skipped="0" hostname="LAPTOP-8RQVFFOA" name="testCase.LoanTenureCalculator2" tests="1" failures="0" timestamp="2021-03-22T09:53:04 IST" time="42.234" errors="0">
  <testcase name="testLoanTenureCalculatorInterestRateForNumbericInputValue" time="42.234" classname="testCase.LoanTenureCalculator2"/>
  <system-out/>
</testsuite> <!-- testCase.LoanTenureCalculator2 -->
