<?xml version="1.0" encoding="UTF-8"?>
<!-- Generated by org.testng.reporters.JUnitReportReporter -->
<testsuite skipped="0" hostname="LAPTOP-8RQVFFOA" name="testCase.CarLoanTest" tests="1" failures="0" timestamp="2021-03-29T15:33:19 IST" time="31.371" errors="0">
  <testcase name="testCarLoan" time="31.371" classname="testCase.CarLoanTest"/>
  <system-out/>
</testsuite> <!-- testCase.CarLoanTest -->
