<?xml version="1.0" encoding="UTF-8"?>
<!-- Generated by org.testng.reporters.JUnitReportReporter -->
<testsuite skipped="0" hostname="LAPTOP-8RQVFFOA" name="testCase.LoanAmountCalculator" tests="1" failures="0" timestamp="2021-03-29T15:33:19 IST" time="35.107" errors="0">
  <testcase name="testLoanAmountCalculator" time="35.107" classname="testCase.LoanAmountCalculator"/>
  <system-out/>
</testsuite> <!-- testCase.LoanAmountCalculator -->
