<?xml version="1.0" encoding="UTF-8"?>
<!-- Generated by org.testng.reporters.JUnitReportReporter -->
<testsuite skipped="0" hostname="LAPTOP-8RQVFFOA" name="testCase.HomeLoanEMICalculator" tests="1" failures="0" timestamp="2021-03-29T15:33:19 IST" time="61.030" errors="0">
  <testcase name="testHomeLoanEMICalculator" time="61.030" classname="testCase.HomeLoanEMICalculator"/>
  <system-out/>
</testsuite> <!-- testCase.HomeLoanEMICalculator -->
